\BOOKMARK [1][-]{section.1}{Summary}{}% 1
\BOOKMARK [1][-]{section.2}{Voting categories}{}% 2
\BOOKMARK [1][-]{section.3}{Designing a remote digital voting system}{}% 3
\BOOKMARK [2][-]{subsection.3.1}{Key features}{section.3}% 4
\BOOKMARK [2][-]{subsection.3.2}{Technology}{section.3}% 5
\BOOKMARK [3][-]{subsubsection.3.2.1}{Blockchain network types}{subsection.3.2}% 6
\BOOKMARK [3][-]{subsubsection.3.2.2}{Zcash technology}{subsection.3.2}% 7
\BOOKMARK [3][-]{subsubsection.3.2.3}{Why Monero technology}{subsection.3.2}% 8
\BOOKMARK [2][-]{subsection.3.3}{Roles in the system}{section.3}% 9
\BOOKMARK [1][-]{section.4}{Proof of Concept}{}% 10
\BOOKMARK [2][-]{subsection.4.1}{Demonstration}{section.4}% 11
\BOOKMARK [2][-]{subsection.4.2}{Mobile application}{section.4}% 12
\BOOKMARK [2][-]{subsection.4.3}{Administrator dashboard}{section.4}% 13
\BOOKMARK [2][-]{subsection.4.4}{Blockchain technology}{section.4}% 14
\BOOKMARK [3][-]{subsubsection.4.4.1}{Before Voting Session}{subsection.4.4}% 15
\BOOKMARK [3][-]{subsubsection.4.4.2}{During Voting Session}{subsection.4.4}% 16
\BOOKMARK [3][-]{subsubsection.4.4.3}{End of Voting Session and results}{subsection.4.4}% 17
\BOOKMARK [1][-]{section.5}{Improvements}{}% 18
\BOOKMARK [2][-]{subsection.5.1}{Block Reward}{section.5}% 19
\BOOKMARK [2][-]{subsection.5.2}{Vote Receivers publishing}{section.5}% 20
\BOOKMARK [2][-]{subsection.5.3}{Vote Receivers private keys custody}{section.5}% 21
\BOOKMARK [2][-]{subsection.5.4}{Consensus mechanism}{section.5}% 22
\BOOKMARK [2][-]{subsection.5.5}{Voting session termination}{section.5}% 23
\BOOKMARK [2][-]{subsection.5.6}{Blockchain freezing}{section.5}% 24
\BOOKMARK [2][-]{subsection.5.7}{Voter anonymity}{section.5}% 25
\BOOKMARK [3][-]{subsubsection.5.7.1}{Quality of decoys}{subsection.5.7}% 26
\BOOKMARK [2][-]{subsection.5.8}{Node communication improvement}{section.5}% 27
\BOOKMARK [2][-]{subsection.5.9}{Vote delegation}{section.5}% 28
\BOOKMARK [3][-]{subsubsection.5.9.1}{Different type of addresses}{subsection.5.9}% 29
\BOOKMARK [2][-]{subsection.5.10}{I2P-zero}{section.5}% 30
\BOOKMARK [2][-]{subsection.5.11}{Proof that Vote has been recorded correctly}{section.5}% 31
\BOOKMARK [3][-]{subsubsection.5.11.1}{Vote Invalidation}{subsection.5.11}% 32
\BOOKMARK [4][-]{paragraph.5.11.1.1}{Initial idea}{subsubsection.5.11.1}% 33
\BOOKMARK [4][-]{paragraph.5.11.1.2}{Improved idea}{subsubsection.5.11.1}% 34
\BOOKMARK [4][-]{paragraph.5.11.1.3}{Further steps}{subsubsection.5.11.1}% 35
\BOOKMARK [3][-]{subsubsection.5.11.2}{Receipt-freeness}{subsection.5.11}% 36
\BOOKMARK [1][-]{section.6}{Conclusion}{}% 37
\BOOKMARK [1][-]{section.7}{Credits}{}% 38
